<?xml version="1.0" encoding="UTF-8"?>
<!-- Generated by org.testng.reporters.JUnitReportReporter -->
<testsuite hostname="DESKTOP-DSQS0NB" failures="0" tests="1" name="com.JabaTalksTest.LoginTest" time="2.352" errors="0" timestamp="2022-03-05T02:36:47 MST" skipped="0">
  <testcase classname="com.JabaTalksTest.LoginTest" name="TestLogin" time="2.352"/>
  <system-out/>
</testsuite> <!-- com.JabaTalksTest.LoginTest -->
